  main.cpp
  Car.cpp
C:\Users\archi\Documents\GitHub\QLearningCar\QLearningCar\Private\Car.cpp(36,32): warning C4244: 'argument': conversion from 'int' to 'float', possible loss of data
C:\Users\archi\Documents\GitHub\QLearningCar\QLearningCar\Private\Car.cpp(36,24): warning C4244: 'argument': conversion from 'int' to 'float', possible loss of data
  Console.cpp
C:\Users\archi\Documents\GitHub\QLearningCar\QLearningCar\Private\Console.cpp(2,10): warning C4067: unexpected tokens following preprocessor directive - expected a newline
C:\Users\archi\Documents\GitHub\QLearningCar\QLearningCar\Private\Console.cpp(3,10): warning C4067: unexpected tokens following preprocessor directive - expected a newline
C:\Users\archi\Documents\GitHub\QLearningCar\QLearningCar\Private\Console.cpp(4,10): warning C4067: unexpected tokens following preprocessor directive - expected a newline
  Game.cpp
C:\Users\archi\Documents\GitHub\QLearningCar\QLearningCar\Private\Game.cpp(77,108): warning C4244: 'argument': conversion from '_Ty' to 'T', possible loss of data
          with
          [
              _Ty=int
          ]
          and
          [
              T=float
          ]
C:\Users\archi\Documents\GitHub\QLearningCar\QLearningCar\Private\Game.cpp(77,94): warning C4244: 'argument': conversion from '_Ty' to 'T', possible loss of data
          with
          [
              _Ty=int
          ]
          and
          [
              T=float
          ]
C:\Users\archi\Documents\GitHub\QLearningCar\QLearningCar\Private\Game.cpp(77,66): warning C4244: 'argument': conversion from '_Ty' to 'T', possible loss of data
          with
          [
              _Ty=int
          ]
          and
          [
              T=float
          ]
C:\Users\archi\Documents\GitHub\QLearningCar\QLearningCar\Private\Game.cpp(77,52): warning C4244: 'argument': conversion from '_Ty' to 'T', possible loss of data
          with
          [
              _Ty=int
          ]
          and
          [
              T=float
          ]
C:\Users\archi\Documents\GitHub\QLearningCar\QLearningCar\Private\Game.cpp(182,44): warning C4244: 'argument': conversion from 'int' to 'float', possible loss of data
C:\Users\archi\Documents\GitHub\QLearningCar\QLearningCar\Private\Game.cpp(182,31): warning C4244: 'argument': conversion from 'int' to 'float', possible loss of data
C:\Users\archi\Documents\GitHub\QLearningCar\QLearningCar\Private\Game.cpp(289,15): warning C4244: 'initializing': conversion from 'double' to 'float', possible loss of data
C:\Users\archi\Documents\GitHub\QLearningCar\QLearningCar\Private\Game.cpp(295,89): warning C4244: 'argument': conversion from 'int' to 'T', possible loss of data
          with
          [
              T=float
          ]
C:\Users\archi\Documents\GitHub\QLearningCar\QLearningCar\Private\Game.cpp(295,78): warning C4244: 'argument': conversion from 'int' to 'T', possible loss of data
          with
          [
              T=float
          ]
C:\Users\archi\Documents\GitHub\QLearningCar\QLearningCar\Private\Game.cpp(295,53): warning C4244: 'argument': conversion from 'int' to 'T', possible loss of data
          with
          [
              T=float
          ]
C:\Users\archi\Documents\GitHub\QLearningCar\QLearningCar\Private\Game.cpp(295,42): warning C4244: 'argument': conversion from 'int' to 'T', possible loss of data
          with
          [
              T=float
          ]
C:\Users\archi\Documents\GitHub\QLearningCar\QLearningCar\Private\Game.cpp(309,38): warning C4244: '=': conversion from 'int' to 'float', possible loss of data
  Wall.cpp
C:\Users\archi\Documents\GitHub\QLearningCar\QLearningCar\Private\Wall.cpp(8,13): warning C4244: 'initializing': conversion from 'double' to 'float', possible loss of data
C:\Users\archi\Documents\GitHub\QLearningCar\QLearningCar\Private\Wall.cpp(10,97): warning C4244: 'argument': conversion from 'double' to 'float', possible loss of data
  Generating Code...
  QLearningCar.vcxproj -> C:\Users\archi\Documents\GitHub\QLearningCar\x64\Debug\QLearningCar.exe
